May 19, 2025 7:10:03 PM util.LogUtil info
INFO: Logging system initialized
May 19, 2025 7:10:03 PM util.LogUtil info
INFO: Application starting up...
May 19, 2025 7:10:03 PM util.LogUtil info
INFO: Testing database connection...
May 19, 2025 7:10:03 PM util.LogUtil info
INFO: PostgreSQL JDBC driver loaded
May 19, 2025 7:10:03 PM util.LogUtil info
INFO: Database connection successful
May 19, 2025 7:10:03 PM util.LogUtil info
INFO: Users table created or exists: true
May 19, 2025 7:10:03 PM util.LogUtil info
INFO: Default admin user created or exists: true
May 19, 2025 7:10:03 PM util.LogUtil info
INFO: Setting up Look and Feel...
May 19, 2025 7:10:03 PM util.LogUtil info
INFO: UI Look and Feel initialized
May 19, 2025 7:10:04 PM util.LogUtil info
INFO: Launching login view...
May 19, 2025 7:10:04 PM util.LogUtil info
INFO: Main thread continuing...
May 19, 2025 7:10:04 PM util.LogUtil info
INFO: Inside SwingUtilities.invokeLater...
May 19, 2025 7:10:04 PM util.LogUtil info
INFO: Login view should now be visible
